<?xml version="1.0" encoding="UTF-8"?>
<!-- Generated by org.testng.reporters.JUnitXMLReporter -->
<testsuite ignored="1" hostname="Vinoth" failures="0" tests="4" name="Sanity Test Cases" time="21.086" errors="0" timestamp="2025-04-07T15:27:39 IST">
  <testcase classname="com.automation.devops.RegisterDemoFlow" name="launchApplication" time="8.659"/>
  <testcase classname="com.automation.devops.RegisterDemoFlow" name="registerUser" time="10.866"/>
  <testcase classname="com.automation.devops.RegisterDemoFlow" name="validateTransactionDetails" time="0.152"/>
  <testcase classname="com.automation.devops.RegisterDemoFlow" name="closeApplication" time="1.212"/>
  <testcase classname="com.automation.devops.RegisterDemoFlow" name="navigateRegistrationForm" time="0.0">
    <ignored/>
  </testcase> <!-- navigateRegistrationForm -->
</testsuite> <!-- Sanity Test Cases -->
