<?xml version="1.0" encoding="UTF-8"?>
<testng-results ignored="0" total="5" passed="5" failed="0" skipped="0">
  <reporter-output>
  </reporter-output>
  <suite started-at="2025-04-07T15:02:15 IST" name="Automation Suite" finished-at="2025-04-07T15:02:35 IST" duration-ms="20848">
    <groups>
    </groups>
    <test started-at="2025-04-07T15:02:15 IST" name="Sanity Test Cases" finished-at="2025-04-07T15:02:35 IST" duration-ms="20848">
      <class name="com.automation.devops.RegisterDemoFlow">
        <test-method signature="launchApplication()[pri:1, instance:com.automation.devops.RegisterDemoFlow@245b4bdc]" started-at="2025-04-07T15:02:15 IST" name="launchApplication" finished-at="2025-04-07T15:02:22 IST" duration-ms="7248" status="PASS">
          <reporter-output>
          </reporter-output>
        </test-method> <!-- launchApplication -->
        <test-method signature="navigateRegistrationForm()[pri:2, instance:com.automation.devops.RegisterDemoFlow@245b4bdc]" started-at="2025-04-07T15:02:22 IST" name="navigateRegistrationForm" finished-at="2025-04-07T15:02:24 IST" duration-ms="1842" status="PASS">
          <reporter-output>
          </reporter-output>
        </test-method> <!-- navigateRegistrationForm -->
        <test-method signature="registerUser()[pri:3, instance:com.automation.devops.RegisterDemoFlow@245b4bdc]" started-at="2025-04-07T15:02:24 IST" name="registerUser" finished-at="2025-04-07T15:02:34 IST" duration-ms="10759" status="PASS">
          <reporter-output>
          </reporter-output>
        </test-method> <!-- registerUser -->
        <test-method signature="validateTransactionDetails()[pri:4, instance:com.automation.devops.RegisterDemoFlow@245b4bdc]" started-at="2025-04-07T15:02:35 IST" name="validateTransactionDetails" finished-at="2025-04-07T15:02:35 IST" duration-ms="286" status="PASS">
          <reporter-output>
          </reporter-output>
        </test-method> <!-- validateTransactionDetails -->
        <test-method signature="closeApplication()[pri:5, instance:com.automation.devops.RegisterDemoFlow@245b4bdc]" started-at="2025-04-07T15:02:35 IST" name="closeApplication" finished-at="2025-04-07T15:02:35 IST" duration-ms="590" status="PASS">
          <reporter-output>
          </reporter-output>
        </test-method> <!-- closeApplication -->
      </class> <!-- com.automation.devops.RegisterDemoFlow -->
    </test> <!-- Sanity Test Cases -->
  </suite> <!-- Automation Suite -->
</testng-results>
